<?xml version="1.0" encoding="UTF-8"?>
<testng-results skipped="0" failed="0" ignored="0" total="1" passed="1">
  <reporter-output>
  </reporter-output>
  <suite name="Default suite" duration-ms="4637" started-at="2022-01-23T17:54:54Z" finished-at="2022-01-23T17:54:58Z">
    <groups>
    </groups>
    <test name="Default test" duration-ms="4637" started-at="2022-01-23T17:54:54Z" finished-at="2022-01-23T17:54:58Z">
      <class name="sampletest.test1">
        <test-method status="PASS" signature="method1()[pri:0, instance:sampletest.test1@534df152]" name="method1" duration-ms="4611" started-at="2022-01-23T17:54:54Z" finished-at="2022-01-23T17:54:58Z">
          <reporter-output>
          </reporter-output>
        </test-method> <!-- method1 -->
      </class> <!-- sampletest.test1 -->
    </test> <!-- Default test -->
  </suite> <!-- Default suite -->
</testng-results>
