<?xml version="1.0" encoding="UTF-8"?>
<!-- Generated by org.testng.reporters.JUnitXMLReporter -->
<testsuite hostname="LAPTOP-SICQQ1V5" ignored="0" name="Default test" tests="3" failures="0" timestamp="2022-01-23T22:43:25 IST" time="0.086" errors="0">
  <testcase name="loginwithemptyusername" time="0.007" classname="testng.logintestcase"/>
  <testcase name="loginwithinvalidusername" time="0.002" classname="testng.logintestcase"/>
  <testcase name="loginwithvalidusername" time="0.015" classname="testng.logintestcase"/>
</testsuite> <!-- Default test -->
